<?xml version="1.0" encoding="UTF-8"?>
<!-- Generated by org.testng.reporters.JUnitReportReporter -->
<testsuite hostname="LAPTOP-6TKI59RV" failures="0" tests="1" name="demoDesignPattern.AmazoHomePageTestPageFactory" time="9.481" errors="0" timestamp="2022-09-26T12:03:31 IST" skipped="0">
  <testcase classname="demoDesignPattern.AmazoHomePageTestPageFactory" name="searchProduct" time="9.481"/>
  <system-out/>
</testsuite> <!-- demoDesignPattern.AmazoHomePageTestPageFactory -->
