<?xml version="1.0" encoding="UTF-8"?>
<!-- Generated by org.testng.reporters.JUnitReportReporter -->
<testsuite hostname="LAPTOP-6TKI59RV" failures="0" tests="1" name="in.co.mercuryTravel.tests.MercuryTravelTestcases" time="10.819" errors="0" timestamp="2022-09-28T14:47:09 IST" skipped="0">
  <testcase classname="in.co.mercuryTravel.tests.MercuryTravelTestcases" name="verifyUserLoginWithCorrectCredentials" time="10.819"/>
  <system-out/>
</testsuite> <!-- in.co.mercuryTravel.tests.MercuryTravelTestcases -->
