<?xml version="1.0" encoding="UTF-8"?>
<!-- Generated by org.testng.reporters.JUnitReportReporter -->
<testsuite hostname="LAPTOP-6TKI59RV" failures="0" tests="1" name="test.TestExcelDriverUtil" time="8.091" errors="0" timestamp="2022-10-12T12:12:20 IST" skipped="0">
  <testcase classname="test.TestExcelDriverUtil" name="verifyTestExcelDriverUtil" time="8.091"/>
  <system-out/>
</testsuite> <!-- test.TestExcelDriverUtil -->
